<?xml version="1.0" encoding="UTF-8"?>
<testsuite xmlns:xsi="http://www.w3.org/2001/XMLSchema-instance" xsi:noNamespaceSchemaLocation="https://maven.apache.org/surefire/maven-surefire-plugin/xsd/surefire-test-report.xsd" name="com.markerhub.VueblogApplicationTests" time="3.366" tests="1" errors="0" skipped="0" failures="0">
  <properties>
    <property name="sun.desktop" value="windows"/>
    <property name="awt.toolkit" value="sun.awt.windows.WToolkit"/>
    <property name="file.encoding.pkg" value="sun.io"/>
    <property name="java.specification.version" value="1.8"/>
    <property name="sun.cpu.isalist" value=""/>
    <property name="sun.jnu.encoding" value="GBK"/>
    <property name="java.class.path" value="D:\Storage\JavaProjects\vueblog\vueblogserver\target\test-classes;D:\Storage\JavaProjects\vueblog\vueblogserver\target\classes;D:\Storage\mavenRepository\org\springframework\boot\spring-boot-starter-web\2.3.1.RELEASE\spring-boot-starter-web-2.3.1.RELEASE.jar;D:\Storage\mavenRepository\org\springframework\boot\spring-boot-starter\2.3.1.RELEASE\spring-boot-starter-2.3.1.RELEASE.jar;D:\Storage\mavenRepository\org\springframework\boot\spring-boot-starter-logging\2.3.1.RELEASE\spring-boot-starter-logging-2.3.1.RELEASE.jar;D:\Storage\mavenRepository\ch\qos\logback\logback-classic\1.2.3\logback-classic-1.2.3.jar;D:\Storage\mavenRepository\ch\qos\logback\logback-core\1.2.3\logback-core-1.2.3.jar;D:\Storage\mavenRepository\org\apache\logging\log4j\log4j-to-slf4j\2.13.3\log4j-to-slf4j-2.13.3.jar;D:\Storage\mavenRepository\org\apache\logging\log4j\log4j-api\2.13.3\log4j-api-2.13.3.jar;D:\Storage\mavenRepository\org\slf4j\jul-to-slf4j\1.7.30\jul-to-slf4j-1.7.30.jar;D:\Storage\mavenRepository\jakarta\annotation\jakarta.annotation-api\1.3.5\jakarta.annotation-api-1.3.5.jar;D:\Storage\mavenRepository\org\yaml\snakeyaml\1.26\snakeyaml-1.26.jar;D:\Storage\mavenRepository\org\springframework\boot\spring-boot-starter-json\2.3.1.RELEASE\spring-boot-starter-json-2.3.1.RELEASE.jar;D:\Storage\mavenRepository\com\fasterxml\jackson\datatype\jackson-datatype-jdk8\2.11.0\jackson-datatype-jdk8-2.11.0.jar;D:\Storage\mavenRepository\com\fasterxml\jackson\datatype\jackson-datatype-jsr310\2.11.0\jackson-datatype-jsr310-2.11.0.jar;D:\Storage\mavenRepository\com\fasterxml\jackson\module\jackson-module-parameter-names\2.11.0\jackson-module-parameter-names-2.11.0.jar;D:\Storage\mavenRepository\org\springframework\boot\spring-boot-starter-tomcat\2.3.1.RELEASE\spring-boot-starter-tomcat-2.3.1.RELEASE.jar;D:\Storage\mavenRepository\org\apache\tomcat\embed\tomcat-embed-core\9.0.36\tomcat-embed-core-9.0.36.jar;D:\Storage\mavenRepository\org\glassfish\jakarta.el\3.0.3\jakarta.el-3.0.3.jar;D:\Storage\mavenRepository\org\apache\tomcat\embed\tomcat-embed-websocket\9.0.36\tomcat-embed-websocket-9.0.36.jar;D:\Storage\mavenRepository\org\springframework\spring-web\5.2.7.RELEASE\spring-web-5.2.7.RELEASE.jar;D:\Storage\mavenRepository\org\springframework\spring-beans\5.2.7.RELEASE\spring-beans-5.2.7.RELEASE.jar;D:\Storage\mavenRepository\org\springframework\spring-webmvc\5.2.7.RELEASE\spring-webmvc-5.2.7.RELEASE.jar;D:\Storage\mavenRepository\org\springframework\spring-aop\5.2.7.RELEASE\spring-aop-5.2.7.RELEASE.jar;D:\Storage\mavenRepository\org\springframework\spring-context\5.2.7.RELEASE\spring-context-5.2.7.RELEASE.jar;D:\Storage\mavenRepository\org\springframework\spring-expression\5.2.7.RELEASE\spring-expression-5.2.7.RELEASE.jar;D:\Storage\mavenRepository\org\springframework\boot\spring-boot-devtools\2.3.1.RELEASE\spring-boot-devtools-2.3.1.RELEASE.jar;D:\Storage\mavenRepository\org\springframework\boot\spring-boot\2.3.1.RELEASE\spring-boot-2.3.1.RELEASE.jar;D:\Storage\mavenRepository\org\springframework\boot\spring-boot-autoconfigure\2.3.1.RELEASE\spring-boot-autoconfigure-2.3.1.RELEASE.jar;D:\Storage\mavenRepository\mysql\mysql-connector-java\8.0.20\mysql-connector-java-8.0.20.jar;D:\Storage\mavenRepository\org\projectlombok\lombok\1.18.12\lombok-1.18.12.jar;D:\Storage\mavenRepository\org\springframework\boot\spring-boot-starter-test\2.3.1.RELEASE\spring-boot-starter-test-2.3.1.RELEASE.jar;D:\Storage\mavenRepository\org\springframework\boot\spring-boot-test\2.3.1.RELEASE\spring-boot-test-2.3.1.RELEASE.jar;D:\Storage\mavenRepository\org\springframework\boot\spring-boot-test-autoconfigure\2.3.1.RELEASE\spring-boot-test-autoconfigure-2.3.1.RELEASE.jar;D:\Storage\mavenRepository\com\jayway\jsonpath\json-path\2.4.0\json-path-2.4.0.jar;D:\Storage\mavenRepository\net\minidev\json-smart\2.3\json-smart-2.3.jar;D:\Storage\mavenRepository\net\minidev\accessors-smart\1.2\accessors-smart-1.2.jar;D:\Storage\mavenRepository\org\ow2\asm\asm\5.0.4\asm-5.0.4.jar;D:\Storage\mavenRepository\org\slf4j\slf4j-api\1.7.30\slf4j-api-1.7.30.jar;D:\Storage\mavenRepository\jakarta\xml\bind\jakarta.xml.bind-api\2.3.3\jakarta.xml.bind-api-2.3.3.jar;D:\Storage\mavenRepository\jakarta\activation\jakarta.activation-api\1.2.2\jakarta.activation-api-1.2.2.jar;D:\Storage\mavenRepository\org\assertj\assertj-core\3.16.1\assertj-core-3.16.1.jar;D:\Storage\mavenRepository\org\hamcrest\hamcrest\2.2\hamcrest-2.2.jar;D:\Storage\mavenRepository\org\junit\jupiter\junit-jupiter\5.6.2\junit-jupiter-5.6.2.jar;D:\Storage\mavenRepository\org\junit\jupiter\junit-jupiter-api\5.6.2\junit-jupiter-api-5.6.2.jar;D:\Storage\mavenRepository\org\apiguardian\apiguardian-api\1.1.0\apiguardian-api-1.1.0.jar;D:\Storage\mavenRepository\org\opentest4j\opentest4j\1.2.0\opentest4j-1.2.0.jar;D:\Storage\mavenRepository\org\junit\platform\junit-platform-commons\1.6.2\junit-platform-commons-1.6.2.jar;D:\Storage\mavenRepository\org\junit\jupiter\junit-jupiter-params\5.6.2\junit-jupiter-params-5.6.2.jar;D:\Storage\mavenRepository\org\junit\jupiter\junit-jupiter-engine\5.6.2\junit-jupiter-engine-5.6.2.jar;D:\Storage\mavenRepository\org\junit\platform\junit-platform-engine\1.6.2\junit-platform-engine-1.6.2.jar;D:\Storage\mavenRepository\org\mockito\mockito-core\3.3.3\mockito-core-3.3.3.jar;D:\Storage\mavenRepository\net\bytebuddy\byte-buddy\1.10.11\byte-buddy-1.10.11.jar;D:\Storage\mavenRepository\net\bytebuddy\byte-buddy-agent\1.10.11\byte-buddy-agent-1.10.11.jar;D:\Storage\mavenRepository\org\objenesis\objenesis\2.6\objenesis-2.6.jar;D:\Storage\mavenRepository\org\mockito\mockito-junit-jupiter\3.3.3\mockito-junit-jupiter-3.3.3.jar;D:\Storage\mavenRepository\org\skyscreamer\jsonassert\1.5.0\jsonassert-1.5.0.jar;D:\Storage\mavenRepository\com\vaadin\external\google\android-json\0.0.20131108.vaadin1\android-json-0.0.20131108.vaadin1.jar;D:\Storage\mavenRepository\org\springframework\spring-core\5.2.7.RELEASE\spring-core-5.2.7.RELEASE.jar;D:\Storage\mavenRepository\org\springframework\spring-jcl\5.2.7.RELEASE\spring-jcl-5.2.7.RELEASE.jar;D:\Storage\mavenRepository\org\springframework\spring-test\5.2.7.RELEASE\spring-test-5.2.7.RELEASE.jar;D:\Storage\mavenRepository\org\xmlunit\xmlunit-core\2.7.0\xmlunit-core-2.7.0.jar;D:\Storage\mavenRepository\com\baomidou\mybatis-plus-boot-starter\3.2.0\mybatis-plus-boot-starter-3.2.0.jar;D:\Storage\mavenRepository\com\baomidou\mybatis-plus\3.2.0\mybatis-plus-3.2.0.jar;D:\Storage\mavenRepository\org\springframework\boot\spring-boot-starter-jdbc\2.3.1.RELEASE\spring-boot-starter-jdbc-2.3.1.RELEASE.jar;D:\Storage\mavenRepository\com\zaxxer\HikariCP\3.4.5\HikariCP-3.4.5.jar;D:\Storage\mavenRepository\org\springframework\spring-jdbc\5.2.7.RELEASE\spring-jdbc-5.2.7.RELEASE.jar;D:\Storage\mavenRepository\org\springframework\spring-tx\5.2.7.RELEASE\spring-tx-5.2.7.RELEASE.jar;D:\Storage\mavenRepository\org\springframework\boot\spring-boot-starter-freemarker\2.3.1.RELEASE\spring-boot-starter-freemarker-2.3.1.RELEASE.jar;D:\Storage\mavenRepository\org\freemarker\freemarker\2.3.30\freemarker-2.3.30.jar;D:\Storage\mavenRepository\org\springframework\spring-context-support\5.2.7.RELEASE\spring-context-support-5.2.7.RELEASE.jar;D:\Storage\mavenRepository\com\baomidou\mybatis-plus-generator\3.2.0\mybatis-plus-generator-3.2.0.jar;D:\Storage\mavenRepository\com\baomidou\mybatis-plus-extension\3.2.0\mybatis-plus-extension-3.2.0.jar;D:\Storage\mavenRepository\com\baomidou\mybatis-plus-core\3.2.0\mybatis-plus-core-3.2.0.jar;D:\Storage\mavenRepository\com\baomidou\mybatis-plus-annotation\3.2.0\mybatis-plus-annotation-3.2.0.jar;D:\Storage\mavenRepository\com\github\jsqlparser\jsqlparser\2.1\jsqlparser-2.1.jar;D:\Storage\mavenRepository\org\mybatis\mybatis\3.5.2\mybatis-3.5.2.jar;D:\Storage\mavenRepository\org\mybatis\mybatis-spring\2.0.2\mybatis-spring-2.0.2.jar;D:\Storage\mavenRepository\org\crazycake\shiro-redis-spring-boot-starter\3.2.1\shiro-redis-spring-boot-starter-3.2.1.jar;D:\Storage\mavenRepository\org\crazycake\shiro-redis\3.2.0\shiro-redis-3.2.0.jar;D:\Storage\mavenRepository\redis\clients\jedis\3.3.0\jedis-3.3.0.jar;D:\Storage\mavenRepository\org\apache\commons\commons-pool2\2.8.0\commons-pool2-2.8.0.jar;D:\Storage\mavenRepository\org\apache\shiro\shiro-core\1.3.2\shiro-core-1.3.2.jar;D:\Storage\mavenRepository\commons-beanutils\commons-beanutils\1.8.3\commons-beanutils-1.8.3.jar;D:\Storage\mavenRepository\com\puppycrawl\tools\checkstyle\8.3\checkstyle-8.3.jar;D:\Storage\mavenRepository\antlr\antlr\2.7.7\antlr-2.7.7.jar;D:\Storage\mavenRepository\org\antlr\antlr4-runtime\4.7\antlr4-runtime-4.7.jar;D:\Storage\mavenRepository\commons-cli\commons-cli\1.4\commons-cli-1.4.jar;D:\Storage\mavenRepository\com\google\guava\guava\23.0\guava-23.0.jar;D:\Storage\mavenRepository\com\google\code\findbugs\jsr305\1.3.9\jsr305-1.3.9.jar;D:\Storage\mavenRepository\com\google\errorprone\error_prone_annotations\2.0.18\error_prone_annotations-2.0.18.jar;D:\Storage\mavenRepository\com\google\j2objc\j2objc-annotations\1.1\j2objc-annotations-1.1.jar;D:\Storage\mavenRepository\org\codehaus\mojo\animal-sniffer-annotations\1.14\animal-sniffer-annotations-1.14.jar;D:\Storage\mavenRepository\net\sf\saxon\Saxon-HE\9.8.0-4\Saxon-HE-9.8.0-4.jar;D:\Program Files (x86)\jdk\jre\..\lib\tools.jar;D:\Storage\mavenRepository\org\apache\shiro\shiro-spring-boot-web-starter\1.4.0-RC2\shiro-spring-boot-web-starter-1.4.0-RC2.jar;D:\Storage\mavenRepository\org\apache\shiro\shiro-spring\1.4.0-RC2\shiro-spring-1.4.0-RC2.jar;D:\Storage\mavenRepository\org\apache\shiro\shiro-web\1.4.0-RC2\shiro-web-1.4.0-RC2.jar;D:\Storage\mavenRepository\cn\hutool\hutool-all\5.3.3\hutool-all-5.3.3.jar;D:\Storage\mavenRepository\io\jsonwebtoken\jjwt\0.9.1\jjwt-0.9.1.jar;D:\Storage\mavenRepository\com\fasterxml\jackson\core\jackson-databind\2.11.0\jackson-databind-2.11.0.jar;D:\Storage\mavenRepository\com\fasterxml\jackson\core\jackson-annotations\2.11.0\jackson-annotations-2.11.0.jar;D:\Storage\mavenRepository\com\fasterxml\jackson\core\jackson-core\2.11.0\jackson-core-2.11.0.jar;D:\Storage\mavenRepository\org\hibernate\validator\hibernate-validator\6.0.15.Final\hibernate-validator-6.0.15.Final.jar;D:\Storage\mavenRepository\javax\validation\validation-api\2.0.1.Final\validation-api-2.0.1.Final.jar;D:\Storage\mavenRepository\org\jboss\logging\jboss-logging\3.4.1.Final\jboss-logging-3.4.1.Final.jar;D:\Storage\mavenRepository\com\fasterxml\classmate\1.5.1\classmate-1.5.1.jar;"/>
    <property name="java.vm.vendor" value="Oracle Corporation"/>
    <property name="sun.arch.data.model" value="32"/>
    <property name="user.variant" value=""/>
    <property name="java.vendor.url" value="http://java.oracle.com/"/>
    <property name="user.timezone" value="Asia/Shanghai"/>
    <property name="java.vm.specification.version" value="1.8"/>
    <property name="os.name" value="Windows 10"/>
    <property name="user.country" value="CN"/>
    <property name="sun.java.launcher" value="SUN_STANDARD"/>
    <property name="sun.boot.library.path" value="D:\Program Files (x86)\jdk\jre\bin"/>
    <property name="sun.java.command" value="C:\Users\scffz\AppData\Local\Temp\surefire5417326503277809689\surefirebooter3043801274324512274.jar C:\Users\scffz\AppData\Local\Temp\surefire5417326503277809689 2020-06-26T17-18-35_456-jvmRun1 surefire7513123715636624355tmp surefire_03868504942834437305tmp"/>
    <property name="surefire.test.class.path" value="D:\Storage\JavaProjects\vueblog\vueblogserver\target\test-classes;D:\Storage\JavaProjects\vueblog\vueblogserver\target\classes;D:\Storage\mavenRepository\org\springframework\boot\spring-boot-starter-web\2.3.1.RELEASE\spring-boot-starter-web-2.3.1.RELEASE.jar;D:\Storage\mavenRepository\org\springframework\boot\spring-boot-starter\2.3.1.RELEASE\spring-boot-starter-2.3.1.RELEASE.jar;D:\Storage\mavenRepository\org\springframework\boot\spring-boot-starter-logging\2.3.1.RELEASE\spring-boot-starter-logging-2.3.1.RELEASE.jar;D:\Storage\mavenRepository\ch\qos\logback\logback-classic\1.2.3\logback-classic-1.2.3.jar;D:\Storage\mavenRepository\ch\qos\logback\logback-core\1.2.3\logback-core-1.2.3.jar;D:\Storage\mavenRepository\org\apache\logging\log4j\log4j-to-slf4j\2.13.3\log4j-to-slf4j-2.13.3.jar;D:\Storage\mavenRepository\org\apache\logging\log4j\log4j-api\2.13.3\log4j-api-2.13.3.jar;D:\Storage\mavenRepository\org\slf4j\jul-to-slf4j\1.7.30\jul-to-slf4j-1.7.30.jar;D:\Storage\mavenRepository\jakarta\annotation\jakarta.annotation-api\1.3.5\jakarta.annotation-api-1.3.5.jar;D:\Storage\mavenRepository\org\yaml\snakeyaml\1.26\snakeyaml-1.26.jar;D:\Storage\mavenRepository\org\springframework\boot\spring-boot-starter-json\2.3.1.RELEASE\spring-boot-starter-json-2.3.1.RELEASE.jar;D:\Storage\mavenRepository\com\fasterxml\jackson\datatype\jackson-datatype-jdk8\2.11.0\jackson-datatype-jdk8-2.11.0.jar;D:\Storage\mavenRepository\com\fasterxml\jackson\datatype\jackson-datatype-jsr310\2.11.0\jackson-datatype-jsr310-2.11.0.jar;D:\Storage\mavenRepository\com\fasterxml\jackson\module\jackson-module-parameter-names\2.11.0\jackson-module-parameter-names-2.11.0.jar;D:\Storage\mavenRepository\org\springframework\boot\spring-boot-starter-tomcat\2.3.1.RELEASE\spring-boot-starter-tomcat-2.3.1.RELEASE.jar;D:\Storage\mavenRepository\org\apache\tomcat\embed\tomcat-embed-core\9.0.36\tomcat-embed-core-9.0.36.jar;D:\Storage\mavenRepository\org\glassfish\jakarta.el\3.0.3\jakarta.el-3.0.3.jar;D:\Storage\mavenRepository\org\apache\tomcat\embed\tomcat-embed-websocket\9.0.36\tomcat-embed-websocket-9.0.36.jar;D:\Storage\mavenRepository\org\springframework\spring-web\5.2.7.RELEASE\spring-web-5.2.7.RELEASE.jar;D:\Storage\mavenRepository\org\springframework\spring-beans\5.2.7.RELEASE\spring-beans-5.2.7.RELEASE.jar;D:\Storage\mavenRepository\org\springframework\spring-webmvc\5.2.7.RELEASE\spring-webmvc-5.2.7.RELEASE.jar;D:\Storage\mavenRepository\org\springframework\spring-aop\5.2.7.RELEASE\spring-aop-5.2.7.RELEASE.jar;D:\Storage\mavenRepository\org\springframework\spring-context\5.2.7.RELEASE\spring-context-5.2.7.RELEASE.jar;D:\Storage\mavenRepository\org\springframework\spring-expression\5.2.7.RELEASE\spring-expression-5.2.7.RELEASE.jar;D:\Storage\mavenRepository\org\springframework\boot\spring-boot-devtools\2.3.1.RELEASE\spring-boot-devtools-2.3.1.RELEASE.jar;D:\Storage\mavenRepository\org\springframework\boot\spring-boot\2.3.1.RELEASE\spring-boot-2.3.1.RELEASE.jar;D:\Storage\mavenRepository\org\springframework\boot\spring-boot-autoconfigure\2.3.1.RELEASE\spring-boot-autoconfigure-2.3.1.RELEASE.jar;D:\Storage\mavenRepository\mysql\mysql-connector-java\8.0.20\mysql-connector-java-8.0.20.jar;D:\Storage\mavenRepository\org\projectlombok\lombok\1.18.12\lombok-1.18.12.jar;D:\Storage\mavenRepository\org\springframework\boot\spring-boot-starter-test\2.3.1.RELEASE\spring-boot-starter-test-2.3.1.RELEASE.jar;D:\Storage\mavenRepository\org\springframework\boot\spring-boot-test\2.3.1.RELEASE\spring-boot-test-2.3.1.RELEASE.jar;D:\Storage\mavenRepository\org\springframework\boot\spring-boot-test-autoconfigure\2.3.1.RELEASE\spring-boot-test-autoconfigure-2.3.1.RELEASE.jar;D:\Storage\mavenRepository\com\jayway\jsonpath\json-path\2.4.0\json-path-2.4.0.jar;D:\Storage\mavenRepository\net\minidev\json-smart\2.3\json-smart-2.3.jar;D:\Storage\mavenRepository\net\minidev\accessors-smart\1.2\accessors-smart-1.2.jar;D:\Storage\mavenRepository\org\ow2\asm\asm\5.0.4\asm-5.0.4.jar;D:\Storage\mavenRepository\org\slf4j\slf4j-api\1.7.30\slf4j-api-1.7.30.jar;D:\Storage\mavenRepository\jakarta\xml\bind\jakarta.xml.bind-api\2.3.3\jakarta.xml.bind-api-2.3.3.jar;D:\Storage\mavenRepository\jakarta\activation\jakarta.activation-api\1.2.2\jakarta.activation-api-1.2.2.jar;D:\Storage\mavenRepository\org\assertj\assertj-core\3.16.1\assertj-core-3.16.1.jar;D:\Storage\mavenRepository\org\hamcrest\hamcrest\2.2\hamcrest-2.2.jar;D:\Storage\mavenRepository\org\junit\jupiter\junit-jupiter\5.6.2\junit-jupiter-5.6.2.jar;D:\Storage\mavenRepository\org\junit\jupiter\junit-jupiter-api\5.6.2\junit-jupiter-api-5.6.2.jar;D:\Storage\mavenRepository\org\apiguardian\apiguardian-api\1.1.0\apiguardian-api-1.1.0.jar;D:\Storage\mavenRepository\org\opentest4j\opentest4j\1.2.0\opentest4j-1.2.0.jar;D:\Storage\mavenRepository\org\junit\platform\junit-platform-commons\1.6.2\junit-platform-commons-1.6.2.jar;D:\Storage\mavenRepository\org\junit\jupiter\junit-jupiter-params\5.6.2\junit-jupiter-params-5.6.2.jar;D:\Storage\mavenRepository\org\junit\jupiter\junit-jupiter-engine\5.6.2\junit-jupiter-engine-5.6.2.jar;D:\Storage\mavenRepository\org\junit\platform\junit-platform-engine\1.6.2\junit-platform-engine-1.6.2.jar;D:\Storage\mavenRepository\org\mockito\mockito-core\3.3.3\mockito-core-3.3.3.jar;D:\Storage\mavenRepository\net\bytebuddy\byte-buddy\1.10.11\byte-buddy-1.10.11.jar;D:\Storage\mavenRepository\net\bytebuddy\byte-buddy-agent\1.10.11\byte-buddy-agent-1.10.11.jar;D:\Storage\mavenRepository\org\objenesis\objenesis\2.6\objenesis-2.6.jar;D:\Storage\mavenRepository\org\mockito\mockito-junit-jupiter\3.3.3\mockito-junit-jupiter-3.3.3.jar;D:\Storage\mavenRepository\org\skyscreamer\jsonassert\1.5.0\jsonassert-1.5.0.jar;D:\Storage\mavenRepository\com\vaadin\external\google\android-json\0.0.20131108.vaadin1\android-json-0.0.20131108.vaadin1.jar;D:\Storage\mavenRepository\org\springframework\spring-core\5.2.7.RELEASE\spring-core-5.2.7.RELEASE.jar;D:\Storage\mavenRepository\org\springframework\spring-jcl\5.2.7.RELEASE\spring-jcl-5.2.7.RELEASE.jar;D:\Storage\mavenRepository\org\springframework\spring-test\5.2.7.RELEASE\spring-test-5.2.7.RELEASE.jar;D:\Storage\mavenRepository\org\xmlunit\xmlunit-core\2.7.0\xmlunit-core-2.7.0.jar;D:\Storage\mavenRepository\com\baomidou\mybatis-plus-boot-starter\3.2.0\mybatis-plus-boot-starter-3.2.0.jar;D:\Storage\mavenRepository\com\baomidou\mybatis-plus\3.2.0\mybatis-plus-3.2.0.jar;D:\Storage\mavenRepository\org\springframework\boot\spring-boot-starter-jdbc\2.3.1.RELEASE\spring-boot-starter-jdbc-2.3.1.RELEASE.jar;D:\Storage\mavenRepository\com\zaxxer\HikariCP\3.4.5\HikariCP-3.4.5.jar;D:\Storage\mavenRepository\org\springframework\spring-jdbc\5.2.7.RELEASE\spring-jdbc-5.2.7.RELEASE.jar;D:\Storage\mavenRepository\org\springframework\spring-tx\5.2.7.RELEASE\spring-tx-5.2.7.RELEASE.jar;D:\Storage\mavenRepository\org\springframework\boot\spring-boot-starter-freemarker\2.3.1.RELEASE\spring-boot-starter-freemarker-2.3.1.RELEASE.jar;D:\Storage\mavenRepository\org\freemarker\freemarker\2.3.30\freemarker-2.3.30.jar;D:\Storage\mavenRepository\org\springframework\spring-context-support\5.2.7.RELEASE\spring-context-support-5.2.7.RELEASE.jar;D:\Storage\mavenRepository\com\baomidou\mybatis-plus-generator\3.2.0\mybatis-plus-generator-3.2.0.jar;D:\Storage\mavenRepository\com\baomidou\mybatis-plus-extension\3.2.0\mybatis-plus-extension-3.2.0.jar;D:\Storage\mavenRepository\com\baomidou\mybatis-plus-core\3.2.0\mybatis-plus-core-3.2.0.jar;D:\Storage\mavenRepository\com\baomidou\mybatis-plus-annotation\3.2.0\mybatis-plus-annotation-3.2.0.jar;D:\Storage\mavenRepository\com\github\jsqlparser\jsqlparser\2.1\jsqlparser-2.1.jar;D:\Storage\mavenRepository\org\mybatis\mybatis\3.5.2\mybatis-3.5.2.jar;D:\Storage\mavenRepository\org\mybatis\mybatis-spring\2.0.2\mybatis-spring-2.0.2.jar;D:\Storage\mavenRepository\org\crazycake\shiro-redis-spring-boot-starter\3.2.1\shiro-redis-spring-boot-starter-3.2.1.jar;D:\Storage\mavenRepository\org\crazycake\shiro-redis\3.2.0\shiro-redis-3.2.0.jar;D:\Storage\mavenRepository\redis\clients\jedis\3.3.0\jedis-3.3.0.jar;D:\Storage\mavenRepository\org\apache\commons\commons-pool2\2.8.0\commons-pool2-2.8.0.jar;D:\Storage\mavenRepository\org\apache\shiro\shiro-core\1.3.2\shiro-core-1.3.2.jar;D:\Storage\mavenRepository\commons-beanutils\commons-beanutils\1.8.3\commons-beanutils-1.8.3.jar;D:\Storage\mavenRepository\com\puppycrawl\tools\checkstyle\8.3\checkstyle-8.3.jar;D:\Storage\mavenRepository\antlr\antlr\2.7.7\antlr-2.7.7.jar;D:\Storage\mavenRepository\org\antlr\antlr4-runtime\4.7\antlr4-runtime-4.7.jar;D:\Storage\mavenRepository\commons-cli\commons-cli\1.4\commons-cli-1.4.jar;D:\Storage\mavenRepository\com\google\guava\guava\23.0\guava-23.0.jar;D:\Storage\mavenRepository\com\google\code\findbugs\jsr305\1.3.9\jsr305-1.3.9.jar;D:\Storage\mavenRepository\com\google\errorprone\error_prone_annotations\2.0.18\error_prone_annotations-2.0.18.jar;D:\Storage\mavenRepository\com\google\j2objc\j2objc-annotations\1.1\j2objc-annotations-1.1.jar;D:\Storage\mavenRepository\org\codehaus\mojo\animal-sniffer-annotations\1.14\animal-sniffer-annotations-1.14.jar;D:\Storage\mavenRepository\net\sf\saxon\Saxon-HE\9.8.0-4\Saxon-HE-9.8.0-4.jar;D:\Program Files (x86)\jdk\jre\..\lib\tools.jar;D:\Storage\mavenRepository\org\apache\shiro\shiro-spring-boot-web-starter\1.4.0-RC2\shiro-spring-boot-web-starter-1.4.0-RC2.jar;D:\Storage\mavenRepository\org\apache\shiro\shiro-spring\1.4.0-RC2\shiro-spring-1.4.0-RC2.jar;D:\Storage\mavenRepository\org\apache\shiro\shiro-web\1.4.0-RC2\shiro-web-1.4.0-RC2.jar;D:\Storage\mavenRepository\cn\hutool\hutool-all\5.3.3\hutool-all-5.3.3.jar;D:\Storage\mavenRepository\io\jsonwebtoken\jjwt\0.9.1\jjwt-0.9.1.jar;D:\Storage\mavenRepository\com\fasterxml\jackson\core\jackson-databind\2.11.0\jackson-databind-2.11.0.jar;D:\Storage\mavenRepository\com\fasterxml\jackson\core\jackson-annotations\2.11.0\jackson-annotations-2.11.0.jar;D:\Storage\mavenRepository\com\fasterxml\jackson\core\jackson-core\2.11.0\jackson-core-2.11.0.jar;D:\Storage\mavenRepository\org\hibernate\validator\hibernate-validator\6.0.15.Final\hibernate-validator-6.0.15.Final.jar;D:\Storage\mavenRepository\javax\validation\validation-api\2.0.1.Final\validation-api-2.0.1.Final.jar;D:\Storage\mavenRepository\org\jboss\logging\jboss-logging\3.4.1.Final\jboss-logging-3.4.1.Final.jar;D:\Storage\mavenRepository\com\fasterxml\classmate\1.5.1\classmate-1.5.1.jar;"/>
    <property name="sun.cpu.endian" value="little"/>
    <property name="user.home" value="C:\Users\scffz"/>
    <property name="user.language" value="zh"/>
    <property name="java.specification.vendor" value="Oracle Corporation"/>
    <property name="java.home" value="D:\Program Files (x86)\jdk\jre"/>
    <property name="basedir" value="D:\Storage\JavaProjects\vueblog\vueblogserver"/>
    <property name="file.separator" value="\"/>
    <property name="line.separator" value="&#10;"/>
    <property name="java.vm.specification.vendor" value="Oracle Corporation"/>
    <property name="java.specification.name" value="Java Platform API Specification"/>
    <property name="java.awt.graphicsenv" value="sun.awt.Win32GraphicsEnvironment"/>
    <property name="surefire.real.class.path" value="C:\Users\scffz\AppData\Local\Temp\surefire5417326503277809689\surefirebooter3043801274324512274.jar"/>
    <property name="sun.boot.class.path" value="D:\Program Files (x86)\jdk\jre\lib\resources.jar;D:\Program Files (x86)\jdk\jre\lib\rt.jar;D:\Program Files (x86)\jdk\jre\lib\sunrsasign.jar;D:\Program Files (x86)\jdk\jre\lib\jsse.jar;D:\Program Files (x86)\jdk\jre\lib\jce.jar;D:\Program Files (x86)\jdk\jre\lib\charsets.jar;D:\Program Files (x86)\jdk\jre\lib\jfr.jar;D:\Program Files (x86)\jdk\jre\classes"/>
    <property name="user.script" value=""/>
    <property name="sun.management.compiler" value="HotSpot Client Compiler"/>
    <property name="java.runtime.version" value="1.8.0_144-b01"/>
    <property name="user.name" value="scffz"/>
    <property name="path.separator" value=";"/>
    <property name="os.version" value="10.0"/>
    <property name="java.endorsed.dirs" value="D:\Program Files (x86)\jdk\jre\lib\endorsed"/>
    <property name="java.runtime.name" value="Java(TM) SE Runtime Environment"/>
    <property name="file.encoding" value="GBK"/>
    <property name="java.vm.name" value="Java HotSpot(TM) Client VM"/>
    <property name="localRepository" value="D:\Storage\mavenRepository"/>
    <property name="java.vendor.url.bug" value="http://bugreport.sun.com/bugreport/"/>
    <property name="java.io.tmpdir" value="C:\Users\scffz\AppData\Local\Temp\"/>
    <property name="java.version" value="1.8.0_144"/>
    <property name="user.dir" value="D:\Storage\JavaProjects\vueblog\vueblogserver"/>
    <property name="os.arch" value="x86"/>
    <property name="java.vm.specification.name" value="Java Virtual Machine Specification"/>
    <property name="java.awt.printerjob" value="sun.awt.windows.WPrinterJob"/>
    <property name="sun.os.patch.level" value=""/>
    <property name="idea.version2019.3.3" value="true"/>
    <property name="java.library.path" value="D:\Program Files (x86)\jdk\jre\bin;C:\Windows\Sun\Java\bin;C:\Windows\system32;C:\Windows;C:\ProgramData\Oracle\Java\javapath;C:\Windows\system32;C:\Windows;C:\Windows\System32\Wbem;C:\Windows\System32\WindowsPowerShell\v1.0\;C:\Windows\System32\OpenSSH\;C:\Program Files (x86)\NVIDIA Corporation\PhysX\Common;C:\Program Files\NVIDIA Corporation\NVIDIA NvDLISR;D:\Program Files (x86)\Git\Git\cmd;D:\Program Files (x86)\Node\;D:\Starters;D:\Program Files (x86)\maven-3.6.3\bin;D:\Program Files (x86)\jdk\bin;D:\Program Files (x86)\jdk\jre\bin;D:\Program Files (x86)\redis_win;D:\Storage\npmRelated;D:\Program Files (x86)\mingw\mingw64\bin;D:\Program Files (x86)\python\Scripts\;D:\Program Files (x86)\python\;C:\Users\scffz\AppData\Local\Microsoft\WindowsApps;C:\Users\scffz\AppData\Roaming\npm;D:\Program Files (x86)\Vscode\Microsoft VS Code\bin;D:\Program Files (x86)\bandiZip\;."/>
    <property name="java.vm.info" value="mixed mode"/>
    <property name="java.vendor" value="Oracle Corporation"/>
    <property name="java.vm.version" value="25.144-b01"/>
    <property name="java.ext.dirs" value="D:\Program Files (x86)\jdk\jre\lib\ext;C:\Windows\Sun\Java\lib\ext"/>
    <property name="sun.io.unicode.encoding" value="UnicodeLittle"/>
    <property name="maven.repo.local" value="D:\Storage\mavenRepository"/>
    <property name="java.class.version" value="52.0"/>
  </properties>
  <testcase name="contextLoads" classname="com.markerhub.VueblogApplicationTests" time="0.175"/>
</testsuite>